2020-05-18 10:39:14 [restartedMain] INFO  o.a.socialone.SocialOneApplication - Starting SocialOneApplication on mPha-Lap-89 with PID 9548 (C:\Users\amar.kotwal\git\repository\social-one\target\classes started by amar.kotwal in C:\Users\amar.kotwal\git\repository\social-one)
2020-05-18 10:39:14 [restartedMain] INFO  o.a.socialone.SocialOneApplication - No active profile set, falling back to default profiles: default
2020-05-18 10:39:14 [restartedMain] INFO  o.s.b.d.e.DevToolsPropertyDefaultsPostProcessor - Devtools property defaults active! Set 'spring.devtools.add-properties' to 'false' to disable
2020-05-18 10:39:14 [restartedMain] INFO  o.s.b.d.e.DevToolsPropertyDefaultsPostProcessor - For additional web related logging consider setting the 'logging.level.web' property to 'DEBUG'
2020-05-18 10:39:17 [restartedMain] INFO  o.s.d.r.c.RepositoryConfigurationDelegate - Bootstrapping Spring Data JPA repositories in DEFAULT mode.
2020-05-18 10:39:17 [restartedMain] INFO  o.s.d.r.c.RepositoryConfigurationDelegate - Finished Spring Data repository scanning in 183ms. Found 5 JPA repository interfaces.
2020-05-18 10:39:18 [restartedMain] INFO  o.s.c.s.PostProcessorRegistrationDelegate$BeanPostProcessorChecker - Bean 'org.springframework.security.access.expression.method.DefaultMethodSecurityExpressionHandler@6455942' of type [org.springframework.security.access.expression.method.DefaultMethodSecurityExpressionHandler] is not eligible for getting processed by all BeanPostProcessors (for example: not eligible for auto-proxying)
2020-05-18 10:39:18 [restartedMain] INFO  o.s.c.s.PostProcessorRegistrationDelegate$BeanPostProcessorChecker - Bean 'methodSecurityMetadataSource' of type [org.springframework.security.access.method.DelegatingMethodSecurityMetadataSource] is not eligible for getting processed by all BeanPostProcessors (for example: not eligible for auto-proxying)
2020-05-18 10:39:22 [restartedMain] INFO  o.s.b.w.e.tomcat.TomcatWebServer - Tomcat initialized with port(s): 8080 (http)
2020-05-18 10:39:22 [restartedMain] INFO  o.a.catalina.core.StandardService - Starting service [Tomcat]
2020-05-18 10:39:22 [restartedMain] INFO  o.a.catalina.core.StandardEngine - Starting Servlet engine: [Apache Tomcat/9.0.34]
2020-05-18 10:39:22 [restartedMain] INFO  o.a.c.c.C.[Tomcat].[localhost].[/] - Initializing Spring embedded WebApplicationContext
2020-05-18 10:39:22 [restartedMain] INFO  o.s.web.context.ContextLoader - Root WebApplicationContext: initialization completed in 7492 ms
2020-05-18 10:39:22 [restartedMain] INFO  o.h.jpa.internal.util.LogHelper - HHH000204: Processing PersistenceUnitInfo [name: default]
2020-05-18 10:39:23 [restartedMain] INFO  org.hibernate.Version - HHH000412: Hibernate ORM core version 5.4.15.Final
2020-05-18 10:39:23 [restartedMain] WARN  org.hibernate.orm.deprecation - HHH020100: The Ehcache second-level cache provider for Hibernate is deprecated.  See https://hibernate.atlassian.net/browse/HHH-12441 for details.
2020-05-18 10:39:23 [restartedMain] INFO  o.h.annotations.common.Version - HCANN000001: Hibernate Commons Annotations {5.1.0.Final}
2020-05-18 10:39:23 [restartedMain] INFO  com.zaxxer.hikari.HikariDataSource - HikariPool-1 - Starting...
2020-05-18 10:39:24 [restartedMain] INFO  com.zaxxer.hikari.HikariDataSource - HikariPool-1 - Start completed.
2020-05-18 10:39:24 [restartedMain] INFO  org.hibernate.dialect.Dialect - HHH000400: Using dialect: org.hibernate.dialect.MySQL55Dialect
2020-05-18 10:39:24 [restartedMain] WARN  n.s.e.config.ConfigurationFactory - No configuration found. Configuring ehcache from ehcache-failsafe.xml  found in the classpath: jar:file:/C:/Users/amar.kotwal/.m2/repository/net/sf/ehcache/ehcache/2.10.6/ehcache-2.10.6.jar!/ehcache-failsafe.xml
2020-05-18 10:39:25 [restartedMain] WARN  org.hibernate.orm.cache - HHH90001006: Missing cache[default-update-timestamps-region] was created on-the-fly. The created cache will use a provider-specific default configuration: make sure you defined one. You can disable this warning by setting 'hibernate.cache.ehcache.missing_cache_strategy' to 'create'.
2020-05-18 10:39:25 [restartedMain] WARN  org.hibernate.orm.cache - HHH90001006: Missing cache[default-query-results-region] was created on-the-fly. The created cache will use a provider-specific default configuration: make sure you defined one. You can disable this warning by setting 'hibernate.cache.ehcache.missing_cache_strategy' to 'create'.
2020-05-18 10:39:25 [restartedMain] WARN  org.hibernate.orm.cache - HHH90001006: Missing cache[org.akcap.socialone.entity.PersonalDetail] was created on-the-fly. The created cache will use a provider-specific default configuration: make sure you defined one. You can disable this warning by setting 'hibernate.cache.ehcache.missing_cache_strategy' to 'create'.
2020-05-18 10:39:25 [restartedMain] WARN  org.hibernate.orm.cache - HHH90001006: Missing cache[org.akcap.socialone.entity.MasterCountry] was created on-the-fly. The created cache will use a provider-specific default configuration: make sure you defined one. You can disable this warning by setting 'hibernate.cache.ehcache.missing_cache_strategy' to 'create'.
2020-05-18 10:39:25 [restartedMain] WARN  org.hibernate.orm.cache - HHH90001006: Missing cache[org.akcap.socialone.entity.Friendship] was created on-the-fly. The created cache will use a provider-specific default configuration: make sure you defined one. You can disable this warning by setting 'hibernate.cache.ehcache.missing_cache_strategy' to 'create'.
2020-05-18 10:39:25 [restartedMain] WARN  org.hibernate.orm.cache - HHH90001006: Missing cache[org.akcap.socialone.entity.Role] was created on-the-fly. The created cache will use a provider-specific default configuration: make sure you defined one. You can disable this warning by setting 'hibernate.cache.ehcache.missing_cache_strategy' to 'create'.
2020-05-18 10:39:25 [restartedMain] WARN  org.hibernate.orm.cache - HHH90001006: Missing cache[org.akcap.socialone.entity.MasterGender] was created on-the-fly. The created cache will use a provider-specific default configuration: make sure you defined one. You can disable this warning by setting 'hibernate.cache.ehcache.missing_cache_strategy' to 'create'.
2020-05-18 10:39:25 [restartedMain] WARN  org.hibernate.orm.cache - HHH90001006: Missing cache[org.akcap.socialone.entity.MasterState] was created on-the-fly. The created cache will use a provider-specific default configuration: make sure you defined one. You can disable this warning by setting 'hibernate.cache.ehcache.missing_cache_strategy' to 'create'.
2020-05-18 10:39:26 [restartedMain] WARN  org.hibernate.orm.cache - HHH90001006: Missing cache[org.akcap.socialone.entity.Share] was created on-the-fly. The created cache will use a provider-specific default configuration: make sure you defined one. You can disable this warning by setting 'hibernate.cache.ehcache.missing_cache_strategy' to 'create'.
2020-05-18 10:39:26 [restartedMain] WARN  org.hibernate.orm.cache - HHH90001006: Missing cache[org.akcap.socialone.entity.Photo] was created on-the-fly. The created cache will use a provider-specific default configuration: make sure you defined one. You can disable this warning by setting 'hibernate.cache.ehcache.missing_cache_strategy' to 'create'.
2020-05-18 10:39:26 [restartedMain] WARN  org.hibernate.orm.cache - HHH90001006: Missing cache[org.akcap.socialone.entity.HighschoolDetail] was created on-the-fly. The created cache will use a provider-specific default configuration: make sure you defined one. You can disable this warning by setting 'hibernate.cache.ehcache.missing_cache_strategy' to 'create'.
2020-05-18 10:39:26 [restartedMain] WARN  org.hibernate.orm.cache - HHH90001006: Missing cache[org.akcap.socialone.entity.PostLike] was created on-the-fly. The created cache will use a provider-specific default configuration: make sure you defined one. You can disable this warning by setting 'hibernate.cache.ehcache.missing_cache_strategy' to 'create'.
2020-05-18 10:39:26 [restartedMain] WARN  org.hibernate.orm.cache - HHH90001006: Missing cache[org.akcap.socialone.entity.PersonalAddress] was created on-the-fly. The created cache will use a provider-specific default configuration: make sure you defined one. You can disable this warning by setting 'hibernate.cache.ehcache.missing_cache_strategy' to 'create'.
2020-05-18 10:39:26 [restartedMain] WARN  org.hibernate.orm.cache - HHH90001006: Missing cache[org.akcap.socialone.entity.UserSociallink] was created on-the-fly. The created cache will use a provider-specific default configuration: make sure you defined one. You can disable this warning by setting 'hibernate.cache.ehcache.missing_cache_strategy' to 'create'.
2020-05-18 10:39:26 [restartedMain] WARN  org.hibernate.orm.cache - HHH90001006: Missing cache[org.akcap.socialone.entity.MasterUniversity] was created on-the-fly. The created cache will use a provider-specific default configuration: make sure you defined one. You can disable this warning by setting 'hibernate.cache.ehcache.missing_cache_strategy' to 'create'.
2020-05-18 10:39:26 [restartedMain] WARN  org.hibernate.orm.cache - HHH90001006: Missing cache[org.akcap.socialone.entity.MasterCity] was created on-the-fly. The created cache will use a provider-specific default configuration: make sure you defined one. You can disable this warning by setting 'hibernate.cache.ehcache.missing_cache_strategy' to 'create'.
2020-05-18 10:39:26 [restartedMain] WARN  org.hibernate.orm.cache - HHH90001006: Missing cache[org.akcap.socialone.entity.Video] was created on-the-fly. The created cache will use a provider-specific default configuration: make sure you defined one. You can disable this warning by setting 'hibernate.cache.ehcache.missing_cache_strategy' to 'create'.
2020-05-18 10:39:26 [restartedMain] WARN  org.hibernate.orm.cache - HHH90001006: Missing cache[org.akcap.socialone.entity.MasterMaritalstatus] was created on-the-fly. The created cache will use a provider-specific default configuration: make sure you defined one. You can disable this warning by setting 'hibernate.cache.ehcache.missing_cache_strategy' to 'create'.
2020-05-18 10:39:26 [restartedMain] WARN  org.hibernate.orm.cache - HHH90001006: Missing cache[org.akcap.socialone.entity.ProfessionalDetail] was created on-the-fly. The created cache will use a provider-specific default configuration: make sure you defined one. You can disable this warning by setting 'hibernate.cache.ehcache.missing_cache_strategy' to 'create'.
2020-05-18 10:39:26 [restartedMain] WARN  org.hibernate.orm.cache - HHH90001006: Missing cache[org.akcap.socialone.entity.Comment] was created on-the-fly. The created cache will use a provider-specific default configuration: make sure you defined one. You can disable this warning by setting 'hibernate.cache.ehcache.missing_cache_strategy' to 'create'.
2020-05-18 10:39:26 [restartedMain] WARN  org.hibernate.orm.cache - HHH90001006: Missing cache[org.akcap.socialone.entity.Userlogin] was created on-the-fly. The created cache will use a provider-specific default configuration: make sure you defined one. You can disable this warning by setting 'hibernate.cache.ehcache.missing_cache_strategy' to 'create'.
2020-05-18 10:39:26 [restartedMain] WARN  org.hibernate.orm.cache - HHH90001006: Missing cache[org.akcap.socialone.entity.UserInfomation] was created on-the-fly. The created cache will use a provider-specific default configuration: make sure you defined one. You can disable this warning by setting 'hibernate.cache.ehcache.missing_cache_strategy' to 'create'.
2020-05-18 10:39:26 [restartedMain] WARN  org.hibernate.orm.cache - HHH90001006: Missing cache[org.akcap.socialone.entity.MasterCourse] was created on-the-fly. The created cache will use a provider-specific default configuration: make sure you defined one. You can disable this warning by setting 'hibernate.cache.ehcache.missing_cache_strategy' to 'create'.
2020-05-18 10:39:26 [restartedMain] WARN  org.hibernate.orm.cache - HHH90001006: Missing cache[org.akcap.socialone.entity.Post] was created on-the-fly. The created cache will use a provider-specific default configuration: make sure you defined one. You can disable this warning by setting 'hibernate.cache.ehcache.missing_cache_strategy' to 'create'.
2020-05-18 10:39:26 [restartedMain] WARN  org.hibernate.orm.cache - HHH90001006: Missing cache[org.akcap.socialone.entity.CommentsLike] was created on-the-fly. The created cache will use a provider-specific default configuration: make sure you defined one. You can disable this warning by setting 'hibernate.cache.ehcache.missing_cache_strategy' to 'create'.
2020-05-18 10:39:26 [restartedMain] WARN  org.hibernate.orm.cache - HHH90001006: Missing cache[org.akcap.socialone.entity.CollegeDetail] was created on-the-fly. The created cache will use a provider-specific default configuration: make sure you defined one. You can disable this warning by setting 'hibernate.cache.ehcache.missing_cache_strategy' to 'create'.
2020-05-18 10:39:26 [restartedMain] WARN  org.hibernate.orm.cache - HHH90001006: Missing cache[org.akcap.socialone.entity.CommentReply] was created on-the-fly. The created cache will use a provider-specific default configuration: make sure you defined one. You can disable this warning by setting 'hibernate.cache.ehcache.missing_cache_strategy' to 'create'.
2020-05-18 10:39:26 [restartedMain] WARN  org.hibernate.orm.cache - HHH90001006: Missing cache[org.akcap.socialone.entity.AddFriend] was created on-the-fly. The created cache will use a provider-specific default configuration: make sure you defined one. You can disable this warning by setting 'hibernate.cache.ehcache.missing_cache_strategy' to 'create'.
2020-05-18 10:39:28 [restartedMain] INFO  o.h.e.t.j.p.i.JtaPlatformInitiator - HHH000490: Using JtaPlatform implementation: [org.hibernate.engine.transaction.jta.platform.internal.NoJtaPlatform]
2020-05-18 10:39:29 [restartedMain] INFO  o.s.o.j.LocalContainerEntityManagerFactoryBean - Initialized JPA EntityManagerFactory for persistence unit 'default'
2020-05-18 10:39:30 [restartedMain] WARN  o.s.b.a.o.j.JpaBaseConfiguration$JpaWebConfiguration - spring.jpa.open-in-view is enabled by default. Therefore, database queries may be performed during view rendering. Explicitly configure spring.jpa.open-in-view to disable this warning
2020-05-18 10:39:30 [restartedMain] INFO  o.s.b.d.a.OptionalLiveReloadServer - LiveReload server is running on port 35729
2020-05-18 10:39:31 [restartedMain] INFO  o.s.s.web.DefaultSecurityFilterChain - Creating filter chain: any request, [org.springframework.security.web.context.request.async.WebAsyncManagerIntegrationFilter@1516f94c, org.springframework.security.web.context.SecurityContextPersistenceFilter@71f2aa4c, org.springframework.security.web.header.HeaderWriterFilter@5150ff0, org.springframework.security.web.authentication.logout.LogoutFilter@3124d3, org.akcap.socialone.auth.config.JwtRequestFilter@6dba947f, org.springframework.security.web.savedrequest.RequestCacheAwareFilter@74432a24, org.springframework.security.web.servletapi.SecurityContextHolderAwareRequestFilter@378aaa69, org.springframework.security.web.authentication.AnonymousAuthenticationFilter@1c557632, org.springframework.security.web.session.SessionManagementFilter@115bad42, org.springframework.security.web.access.ExceptionTranslationFilter@1141ea93, org.springframework.security.web.access.intercept.FilterSecurityInterceptor@7f102e26]
2020-05-18 10:39:31 [restartedMain] INFO  o.s.s.c.ThreadPoolTaskExecutor - Initializing ExecutorService 'applicationTaskExecutor'
2020-05-18 10:39:32 [restartedMain] INFO  o.s.b.w.e.tomcat.TomcatWebServer - Tomcat started on port(s): 8080 (http) with context path ''
2020-05-18 10:39:32 [restartedMain] INFO  o.a.socialone.SocialOneApplication - Started SocialOneApplication in 18.345 seconds (JVM running for 19.253)
2020-05-18 14:25:20 [HikariPool-1 housekeeper] WARN  com.zaxxer.hikari.pool.HikariPool - HikariPool-1 - Thread starvation or clock leap detected (housekeeper delta=3h26s428ms399µs900ns).
2020-05-18 17:16:58 [HikariPool-1 housekeeper] WARN  com.zaxxer.hikari.pool.HikariPool - HikariPool-1 - Thread starvation or clock leap detected (housekeeper delta=2h51m53s976ms376µs300ns).
2020-05-18 18:13:03 [restartedMain] INFO  o.a.socialone.SocialOneApplication - Starting SocialOneApplication on mPha-Lap-89 with PID 6960 (C:\Users\amar.kotwal\git\repository\social-one\target\classes started by amar.kotwal in C:\Users\amar.kotwal\git\repository\social-one)
2020-05-18 18:13:03 [restartedMain] INFO  o.a.socialone.SocialOneApplication - No active profile set, falling back to default profiles: default
2020-05-18 18:13:03 [restartedMain] INFO  o.s.b.d.e.DevToolsPropertyDefaultsPostProcessor - Devtools property defaults active! Set 'spring.devtools.add-properties' to 'false' to disable
2020-05-18 18:13:03 [restartedMain] INFO  o.s.b.d.e.DevToolsPropertyDefaultsPostProcessor - For additional web related logging consider setting the 'logging.level.web' property to 'DEBUG'
2020-05-18 18:13:05 [restartedMain] INFO  o.s.d.r.c.RepositoryConfigurationDelegate - Bootstrapping Spring Data JPA repositories in DEFAULT mode.
2020-05-18 18:13:05 [restartedMain] INFO  o.s.d.r.c.RepositoryConfigurationDelegate - Finished Spring Data repository scanning in 207ms. Found 5 JPA repository interfaces.
2020-05-18 18:13:06 [restartedMain] INFO  o.s.c.s.PostProcessorRegistrationDelegate$BeanPostProcessorChecker - Bean 'org.springframework.security.access.expression.method.DefaultMethodSecurityExpressionHandler@15b60fb' of type [org.springframework.security.access.expression.method.DefaultMethodSecurityExpressionHandler] is not eligible for getting processed by all BeanPostProcessors (for example: not eligible for auto-proxying)
2020-05-18 18:13:06 [restartedMain] INFO  o.s.c.s.PostProcessorRegistrationDelegate$BeanPostProcessorChecker - Bean 'methodSecurityMetadataSource' of type [org.springframework.security.access.method.DelegatingMethodSecurityMetadataSource] is not eligible for getting processed by all BeanPostProcessors (for example: not eligible for auto-proxying)
2020-05-18 18:13:08 [restartedMain] INFO  o.s.b.w.e.tomcat.TomcatWebServer - Tomcat initialized with port(s): 8080 (http)
2020-05-18 18:13:09 [restartedMain] INFO  o.a.catalina.core.StandardService - Starting service [Tomcat]
2020-05-18 18:13:09 [restartedMain] INFO  o.a.catalina.core.StandardEngine - Starting Servlet engine: [Apache Tomcat/9.0.34]
2020-05-18 18:13:09 [restartedMain] INFO  o.a.c.c.C.[Tomcat].[localhost].[/] - Initializing Spring embedded WebApplicationContext
2020-05-18 18:13:09 [restartedMain] INFO  o.s.web.context.ContextLoader - Root WebApplicationContext: initialization completed in 5409 ms
2020-05-18 18:13:09 [restartedMain] INFO  o.h.jpa.internal.util.LogHelper - HHH000204: Processing PersistenceUnitInfo [name: default]
2020-05-18 18:13:09 [restartedMain] INFO  org.hibernate.Version - HHH000412: Hibernate ORM core version 5.4.15.Final
2020-05-18 18:13:10 [restartedMain] WARN  org.hibernate.orm.deprecation - HHH020100: The Ehcache second-level cache provider for Hibernate is deprecated.  See https://hibernate.atlassian.net/browse/HHH-12441 for details.
2020-05-18 18:13:10 [restartedMain] INFO  o.h.annotations.common.Version - HCANN000001: Hibernate Commons Annotations {5.1.0.Final}
2020-05-18 18:13:10 [restartedMain] INFO  com.zaxxer.hikari.HikariDataSource - HikariPool-1 - Starting...
2020-05-18 18:13:10 [restartedMain] INFO  com.zaxxer.hikari.HikariDataSource - HikariPool-1 - Start completed.
2020-05-18 18:13:10 [restartedMain] INFO  org.hibernate.dialect.Dialect - HHH000400: Using dialect: org.hibernate.dialect.MySQL55Dialect
2020-05-18 18:13:11 [restartedMain] WARN  n.s.e.config.ConfigurationFactory - No configuration found. Configuring ehcache from ehcache-failsafe.xml  found in the classpath: jar:file:/C:/Users/amar.kotwal/.m2/repository/net/sf/ehcache/ehcache/2.10.6/ehcache-2.10.6.jar!/ehcache-failsafe.xml
2020-05-18 18:13:11 [restartedMain] WARN  org.hibernate.orm.cache - HHH90001006: Missing cache[default-update-timestamps-region] was created on-the-fly. The created cache will use a provider-specific default configuration: make sure you defined one. You can disable this warning by setting 'hibernate.cache.ehcache.missing_cache_strategy' to 'create'.
2020-05-18 18:13:11 [restartedMain] WARN  org.hibernate.orm.cache - HHH90001006: Missing cache[default-query-results-region] was created on-the-fly. The created cache will use a provider-specific default configuration: make sure you defined one. You can disable this warning by setting 'hibernate.cache.ehcache.missing_cache_strategy' to 'create'.
2020-05-18 18:13:12 [restartedMain] WARN  org.hibernate.orm.cache - HHH90001006: Missing cache[org.akcap.socialone.entity.Share] was created on-the-fly. The created cache will use a provider-specific default configuration: make sure you defined one. You can disable this warning by setting 'hibernate.cache.ehcache.missing_cache_strategy' to 'create'.
2020-05-18 18:13:12 [restartedMain] WARN  org.hibernate.orm.cache - HHH90001006: Missing cache[org.akcap.socialone.entity.AddFriend] was created on-the-fly. The created cache will use a provider-specific default configuration: make sure you defined one. You can disable this warning by setting 'hibernate.cache.ehcache.missing_cache_strategy' to 'create'.
2020-05-18 18:13:12 [restartedMain] WARN  org.hibernate.orm.cache - HHH90001006: Missing cache[org.akcap.socialone.entity.Comment] was created on-the-fly. The created cache will use a provider-specific default configuration: make sure you defined one. You can disable this warning by setting 'hibernate.cache.ehcache.missing_cache_strategy' to 'create'.
2020-05-18 18:13:12 [restartedMain] WARN  org.hibernate.orm.cache - HHH90001006: Missing cache[org.akcap.socialone.entity.MasterCourse] was created on-the-fly. The created cache will use a provider-specific default configuration: make sure you defined one. You can disable this warning by setting 'hibernate.cache.ehcache.missing_cache_strategy' to 'create'.
2020-05-18 18:13:12 [restartedMain] WARN  org.hibernate.orm.cache - HHH90001006: Missing cache[org.akcap.socialone.entity.Video] was created on-the-fly. The created cache will use a provider-specific default configuration: make sure you defined one. You can disable this warning by setting 'hibernate.cache.ehcache.missing_cache_strategy' to 'create'.
2020-05-18 18:13:12 [restartedMain] WARN  org.hibernate.orm.cache - HHH90001006: Missing cache[org.akcap.socialone.entity.MasterCountry] was created on-the-fly. The created cache will use a provider-specific default configuration: make sure you defined one. You can disable this warning by setting 'hibernate.cache.ehcache.missing_cache_strategy' to 'create'.
2020-05-18 18:13:12 [restartedMain] WARN  org.hibernate.orm.cache - HHH90001006: Missing cache[org.akcap.socialone.entity.CollegeDetail] was created on-the-fly. The created cache will use a provider-specific default configuration: make sure you defined one. You can disable this warning by setting 'hibernate.cache.ehcache.missing_cache_strategy' to 'create'.
2020-05-18 18:13:12 [restartedMain] WARN  org.hibernate.orm.cache - HHH90001006: Missing cache[org.akcap.socialone.entity.PostLike] was created on-the-fly. The created cache will use a provider-specific default configuration: make sure you defined one. You can disable this warning by setting 'hibernate.cache.ehcache.missing_cache_strategy' to 'create'.
2020-05-18 18:13:12 [restartedMain] WARN  org.hibernate.orm.cache - HHH90001006: Missing cache[org.akcap.socialone.entity.PersonalDetail] was created on-the-fly. The created cache will use a provider-specific default configuration: make sure you defined one. You can disable this warning by setting 'hibernate.cache.ehcache.missing_cache_strategy' to 'create'.
2020-05-18 18:13:12 [restartedMain] WARN  org.hibernate.orm.cache - HHH90001006: Missing cache[org.akcap.socialone.entity.MasterUniversity] was created on-the-fly. The created cache will use a provider-specific default configuration: make sure you defined one. You can disable this warning by setting 'hibernate.cache.ehcache.missing_cache_strategy' to 'create'.
2020-05-18 18:13:12 [restartedMain] WARN  org.hibernate.orm.cache - HHH90001006: Missing cache[org.akcap.socialone.entity.Friendship] was created on-the-fly. The created cache will use a provider-specific default configuration: make sure you defined one. You can disable this warning by setting 'hibernate.cache.ehcache.missing_cache_strategy' to 'create'.
2020-05-18 18:13:12 [restartedMain] WARN  org.hibernate.orm.cache - HHH90001006: Missing cache[org.akcap.socialone.entity.UserSociallink] was created on-the-fly. The created cache will use a provider-specific default configuration: make sure you defined one. You can disable this warning by setting 'hibernate.cache.ehcache.missing_cache_strategy' to 'create'.
2020-05-18 18:13:12 [restartedMain] WARN  org.hibernate.orm.cache - HHH90001006: Missing cache[org.akcap.socialone.entity.MasterCity] was created on-the-fly. The created cache will use a provider-specific default configuration: make sure you defined one. You can disable this warning by setting 'hibernate.cache.ehcache.missing_cache_strategy' to 'create'.
2020-05-18 18:13:12 [restartedMain] WARN  org.hibernate.orm.cache - HHH90001006: Missing cache[org.akcap.socialone.entity.Photo] was created on-the-fly. The created cache will use a provider-specific default configuration: make sure you defined one. You can disable this warning by setting 'hibernate.cache.ehcache.missing_cache_strategy' to 'create'.
2020-05-18 18:13:12 [restartedMain] WARN  org.hibernate.orm.cache - HHH90001006: Missing cache[org.akcap.socialone.entity.MasterMaritalstatus] was created on-the-fly. The created cache will use a provider-specific default configuration: make sure you defined one. You can disable this warning by setting 'hibernate.cache.ehcache.missing_cache_strategy' to 'create'.
2020-05-18 18:13:12 [restartedMain] WARN  org.hibernate.orm.cache - HHH90001006: Missing cache[org.akcap.socialone.entity.Role] was created on-the-fly. The created cache will use a provider-specific default configuration: make sure you defined one. You can disable this warning by setting 'hibernate.cache.ehcache.missing_cache_strategy' to 'create'.
2020-05-18 18:13:12 [restartedMain] WARN  org.hibernate.orm.cache - HHH90001006: Missing cache[org.akcap.socialone.entity.ProfessionalDetail] was created on-the-fly. The created cache will use a provider-specific default configuration: make sure you defined one. You can disable this warning by setting 'hibernate.cache.ehcache.missing_cache_strategy' to 'create'.
2020-05-18 18:13:12 [restartedMain] WARN  org.hibernate.orm.cache - HHH90001006: Missing cache[org.akcap.socialone.entity.Userlogin] was created on-the-fly. The created cache will use a provider-specific default configuration: make sure you defined one. You can disable this warning by setting 'hibernate.cache.ehcache.missing_cache_strategy' to 'create'.
2020-05-18 18:13:12 [restartedMain] WARN  org.hibernate.orm.cache - HHH90001006: Missing cache[org.akcap.socialone.entity.Post] was created on-the-fly. The created cache will use a provider-specific default configuration: make sure you defined one. You can disable this warning by setting 'hibernate.cache.ehcache.missing_cache_strategy' to 'create'.
2020-05-18 18:13:12 [restartedMain] WARN  org.hibernate.orm.cache - HHH90001006: Missing cache[org.akcap.socialone.entity.UserInfomation] was created on-the-fly. The created cache will use a provider-specific default configuration: make sure you defined one. You can disable this warning by setting 'hibernate.cache.ehcache.missing_cache_strategy' to 'create'.
2020-05-18 18:13:12 [restartedMain] WARN  org.hibernate.orm.cache - HHH90001006: Missing cache[org.akcap.socialone.entity.MasterGender] was created on-the-fly. The created cache will use a provider-specific default configuration: make sure you defined one. You can disable this warning by setting 'hibernate.cache.ehcache.missing_cache_strategy' to 'create'.
2020-05-18 18:13:12 [restartedMain] WARN  org.hibernate.orm.cache - HHH90001006: Missing cache[org.akcap.socialone.entity.HighschoolDetail] was created on-the-fly. The created cache will use a provider-specific default configuration: make sure you defined one. You can disable this warning by setting 'hibernate.cache.ehcache.missing_cache_strategy' to 'create'.
2020-05-18 18:13:12 [restartedMain] WARN  org.hibernate.orm.cache - HHH90001006: Missing cache[org.akcap.socialone.entity.PersonalAddress] was created on-the-fly. The created cache will use a provider-specific default configuration: make sure you defined one. You can disable this warning by setting 'hibernate.cache.ehcache.missing_cache_strategy' to 'create'.
2020-05-18 18:13:12 [restartedMain] WARN  org.hibernate.orm.cache - HHH90001006: Missing cache[org.akcap.socialone.entity.MasterState] was created on-the-fly. The created cache will use a provider-specific default configuration: make sure you defined one. You can disable this warning by setting 'hibernate.cache.ehcache.missing_cache_strategy' to 'create'.
2020-05-18 18:13:12 [restartedMain] WARN  org.hibernate.orm.cache - HHH90001006: Missing cache[org.akcap.socialone.entity.CommentReply] was created on-the-fly. The created cache will use a provider-specific default configuration: make sure you defined one. You can disable this warning by setting 'hibernate.cache.ehcache.missing_cache_strategy' to 'create'.
2020-05-18 18:13:12 [restartedMain] WARN  org.hibernate.orm.cache - HHH90001006: Missing cache[org.akcap.socialone.entity.CommentsLike] was created on-the-fly. The created cache will use a provider-specific default configuration: make sure you defined one. You can disable this warning by setting 'hibernate.cache.ehcache.missing_cache_strategy' to 'create'.
2020-05-18 18:13:14 [restartedMain] INFO  o.h.e.t.j.p.i.JtaPlatformInitiator - HHH000490: Using JtaPlatform implementation: [org.hibernate.engine.transaction.jta.platform.internal.NoJtaPlatform]
2020-05-18 18:13:14 [restartedMain] INFO  o.s.o.j.LocalContainerEntityManagerFactoryBean - Initialized JPA EntityManagerFactory for persistence unit 'default'
2020-05-18 18:13:15 [restartedMain] WARN  o.s.b.a.o.j.JpaBaseConfiguration$JpaWebConfiguration - spring.jpa.open-in-view is enabled by default. Therefore, database queries may be performed during view rendering. Explicitly configure spring.jpa.open-in-view to disable this warning
2020-05-18 18:13:15 [restartedMain] INFO  o.s.b.d.a.OptionalLiveReloadServer - LiveReload server is running on port 35729
2020-05-18 18:13:16 [restartedMain] INFO  o.s.s.web.DefaultSecurityFilterChain - Creating filter chain: any request, [org.springframework.security.web.context.request.async.WebAsyncManagerIntegrationFilter@2e757a45, org.springframework.security.web.context.SecurityContextPersistenceFilter@1293e535, org.springframework.security.web.header.HeaderWriterFilter@5a0db582, org.springframework.security.web.authentication.logout.LogoutFilter@1cc8608d, org.akcap.socialone.auth.config.JwtRequestFilter@1ecae720, org.springframework.security.web.savedrequest.RequestCacheAwareFilter@1a7ac45e, org.springframework.security.web.servletapi.SecurityContextHolderAwareRequestFilter@60f147e0, org.springframework.security.web.authentication.AnonymousAuthenticationFilter@76298949, org.springframework.security.web.session.SessionManagementFilter@42e2fb37, org.springframework.security.web.access.ExceptionTranslationFilter@7c16311d, org.springframework.security.web.access.intercept.FilterSecurityInterceptor@521438d6]
2020-05-18 18:13:16 [restartedMain] INFO  o.s.s.c.ThreadPoolTaskExecutor - Initializing ExecutorService 'applicationTaskExecutor'
2020-05-18 18:13:16 [restartedMain] INFO  o.s.b.w.e.tomcat.TomcatWebServer - Tomcat started on port(s): 8080 (http) with context path ''
2020-05-18 18:13:16 [restartedMain] INFO  o.a.socialone.SocialOneApplication - Started SocialOneApplication in 13.749 seconds (JVM running for 14.473)
2020-05-18 18:13:42 [http-nio-8080-exec-1] INFO  o.a.c.c.C.[Tomcat].[localhost].[/] - Initializing Spring DispatcherServlet 'dispatcherServlet'
2020-05-18 18:13:42 [http-nio-8080-exec-1] INFO  o.s.web.servlet.DispatcherServlet - Initializing Servlet 'dispatcherServlet'
2020-05-18 18:13:42 [http-nio-8080-exec-1] INFO  o.s.web.servlet.DispatcherServlet - Completed initialization in 24 ms
2020-05-18 18:13:52 [http-nio-8080-exec-2] WARN  o.a.s.auth.config.JwtRequestFilter - JWT Token does not begin with Bearer String
2020-05-18 18:14:48 [http-nio-8080-exec-4] WARN  o.a.s.auth.config.JwtRequestFilter - JWT Token does not begin with Bearer String
2020-05-18 18:14:48 [http-nio-8080-exec-4] ERROR o.a.s.u.c.UserRegistrationController - User alredy present in database
2020-05-18 18:23:29 [restartedMain] INFO  o.a.socialone.SocialOneApplication - Starting SocialOneApplication on mPha-Lap-89 with PID 4200 (C:\Users\amar.kotwal\git\repository\social-one\target\classes started by amar.kotwal in C:\Users\amar.kotwal\git\repository\social-one)
2020-05-18 18:23:29 [restartedMain] INFO  o.a.socialone.SocialOneApplication - No active profile set, falling back to default profiles: default
2020-05-18 18:23:29 [restartedMain] INFO  o.s.b.d.e.DevToolsPropertyDefaultsPostProcessor - Devtools property defaults active! Set 'spring.devtools.add-properties' to 'false' to disable
2020-05-18 18:23:29 [restartedMain] INFO  o.s.b.d.e.DevToolsPropertyDefaultsPostProcessor - For additional web related logging consider setting the 'logging.level.web' property to 'DEBUG'
2020-05-18 18:23:31 [restartedMain] INFO  o.s.d.r.c.RepositoryConfigurationDelegate - Bootstrapping Spring Data JPA repositories in DEFAULT mode.
2020-05-18 18:23:31 [restartedMain] INFO  o.s.d.r.c.RepositoryConfigurationDelegate - Finished Spring Data repository scanning in 221ms. Found 5 JPA repository interfaces.
2020-05-18 18:23:32 [restartedMain] INFO  o.s.c.s.PostProcessorRegistrationDelegate$BeanPostProcessorChecker - Bean 'org.springframework.security.access.expression.method.DefaultMethodSecurityExpressionHandler@ec018e1' of type [org.springframework.security.access.expression.method.DefaultMethodSecurityExpressionHandler] is not eligible for getting processed by all BeanPostProcessors (for example: not eligible for auto-proxying)
2020-05-18 18:23:32 [restartedMain] INFO  o.s.c.s.PostProcessorRegistrationDelegate$BeanPostProcessorChecker - Bean 'methodSecurityMetadataSource' of type [org.springframework.security.access.method.DelegatingMethodSecurityMetadataSource] is not eligible for getting processed by all BeanPostProcessors (for example: not eligible for auto-proxying)
2020-05-18 18:23:35 [restartedMain] INFO  o.s.b.w.e.tomcat.TomcatWebServer - Tomcat initialized with port(s): 8080 (http)
2020-05-18 18:23:35 [restartedMain] INFO  o.a.catalina.core.StandardService - Starting service [Tomcat]
2020-05-18 18:23:35 [restartedMain] INFO  o.a.catalina.core.StandardEngine - Starting Servlet engine: [Apache Tomcat/9.0.34]
2020-05-18 18:23:35 [restartedMain] INFO  o.a.c.c.C.[Tomcat].[localhost].[/] - Initializing Spring embedded WebApplicationContext
2020-05-18 18:23:35 [restartedMain] INFO  o.s.web.context.ContextLoader - Root WebApplicationContext: initialization completed in 5777 ms
2020-05-18 18:23:36 [restartedMain] INFO  o.h.jpa.internal.util.LogHelper - HHH000204: Processing PersistenceUnitInfo [name: default]
2020-05-18 18:23:36 [restartedMain] INFO  org.hibernate.Version - HHH000412: Hibernate ORM core version 5.4.15.Final
2020-05-18 18:23:36 [restartedMain] WARN  org.hibernate.orm.deprecation - HHH020100: The Ehcache second-level cache provider for Hibernate is deprecated.  See https://hibernate.atlassian.net/browse/HHH-12441 for details.
2020-05-18 18:23:36 [restartedMain] INFO  o.h.annotations.common.Version - HCANN000001: Hibernate Commons Annotations {5.1.0.Final}
2020-05-18 18:23:36 [restartedMain] INFO  com.zaxxer.hikari.HikariDataSource - HikariPool-1 - Starting...
2020-05-18 18:23:36 [restartedMain] INFO  com.zaxxer.hikari.HikariDataSource - HikariPool-1 - Start completed.
2020-05-18 18:23:36 [restartedMain] INFO  org.hibernate.dialect.Dialect - HHH000400: Using dialect: org.hibernate.dialect.MySQL55Dialect
2020-05-18 18:23:37 [restartedMain] WARN  n.s.e.config.ConfigurationFactory - No configuration found. Configuring ehcache from ehcache-failsafe.xml  found in the classpath: jar:file:/C:/Users/amar.kotwal/.m2/repository/net/sf/ehcache/ehcache/2.10.6/ehcache-2.10.6.jar!/ehcache-failsafe.xml
2020-05-18 18:23:37 [restartedMain] WARN  org.hibernate.orm.cache - HHH90001006: Missing cache[default-update-timestamps-region] was created on-the-fly. The created cache will use a provider-specific default configuration: make sure you defined one. You can disable this warning by setting 'hibernate.cache.ehcache.missing_cache_strategy' to 'create'.
2020-05-18 18:23:37 [restartedMain] WARN  org.hibernate.orm.cache - HHH90001006: Missing cache[default-query-results-region] was created on-the-fly. The created cache will use a provider-specific default configuration: make sure you defined one. You can disable this warning by setting 'hibernate.cache.ehcache.missing_cache_strategy' to 'create'.
2020-05-18 18:23:38 [restartedMain] WARN  org.hibernate.orm.cache - HHH90001006: Missing cache[org.akcap.socialone.entity.AddFriend] was created on-the-fly. The created cache will use a provider-specific default configuration: make sure you defined one. You can disable this warning by setting 'hibernate.cache.ehcache.missing_cache_strategy' to 'create'.
2020-05-18 18:23:38 [restartedMain] WARN  org.hibernate.orm.cache - HHH90001006: Missing cache[org.akcap.socialone.entity.ProfessionalDetail] was created on-the-fly. The created cache will use a provider-specific default configuration: make sure you defined one. You can disable this warning by setting 'hibernate.cache.ehcache.missing_cache_strategy' to 'create'.
2020-05-18 18:23:38 [restartedMain] WARN  org.hibernate.orm.cache - HHH90001006: Missing cache[org.akcap.socialone.entity.PostLike] was created on-the-fly. The created cache will use a provider-specific default configuration: make sure you defined one. You can disable this warning by setting 'hibernate.cache.ehcache.missing_cache_strategy' to 'create'.
2020-05-18 18:23:38 [restartedMain] WARN  org.hibernate.orm.cache - HHH90001006: Missing cache[org.akcap.socialone.entity.CommentReply] was created on-the-fly. The created cache will use a provider-specific default configuration: make sure you defined one. You can disable this warning by setting 'hibernate.cache.ehcache.missing_cache_strategy' to 'create'.
2020-05-18 18:23:38 [restartedMain] WARN  org.hibernate.orm.cache - HHH90001006: Missing cache[org.akcap.socialone.entity.CommentsLike] was created on-the-fly. The created cache will use a provider-specific default configuration: make sure you defined one. You can disable this warning by setting 'hibernate.cache.ehcache.missing_cache_strategy' to 'create'.
2020-05-18 18:23:38 [restartedMain] WARN  org.hibernate.orm.cache - HHH90001006: Missing cache[org.akcap.socialone.entity.Video] was created on-the-fly. The created cache will use a provider-specific default configuration: make sure you defined one. You can disable this warning by setting 'hibernate.cache.ehcache.missing_cache_strategy' to 'create'.
2020-05-18 18:23:38 [restartedMain] WARN  org.hibernate.orm.cache - HHH90001006: Missing cache[org.akcap.socialone.entity.MasterGender] was created on-the-fly. The created cache will use a provider-specific default configuration: make sure you defined one. You can disable this warning by setting 'hibernate.cache.ehcache.missing_cache_strategy' to 'create'.
2020-05-18 18:23:38 [restartedMain] WARN  org.hibernate.orm.cache - HHH90001006: Missing cache[org.akcap.socialone.entity.Comment] was created on-the-fly. The created cache will use a provider-specific default configuration: make sure you defined one. You can disable this warning by setting 'hibernate.cache.ehcache.missing_cache_strategy' to 'create'.
2020-05-18 18:23:38 [restartedMain] WARN  org.hibernate.orm.cache - HHH90001006: Missing cache[org.akcap.socialone.entity.CollegeDetail] was created on-the-fly. The created cache will use a provider-specific default configuration: make sure you defined one. You can disable this warning by setting 'hibernate.cache.ehcache.missing_cache_strategy' to 'create'.
2020-05-18 18:23:38 [restartedMain] WARN  org.hibernate.orm.cache - HHH90001006: Missing cache[org.akcap.socialone.entity.UserSociallink] was created on-the-fly. The created cache will use a provider-specific default configuration: make sure you defined one. You can disable this warning by setting 'hibernate.cache.ehcache.missing_cache_strategy' to 'create'.
2020-05-18 18:23:38 [restartedMain] WARN  org.hibernate.orm.cache - HHH90001006: Missing cache[org.akcap.socialone.entity.PersonalAddress] was created on-the-fly. The created cache will use a provider-specific default configuration: make sure you defined one. You can disable this warning by setting 'hibernate.cache.ehcache.missing_cache_strategy' to 'create'.
2020-05-18 18:23:38 [restartedMain] WARN  org.hibernate.orm.cache - HHH90001006: Missing cache[org.akcap.socialone.entity.Post] was created on-the-fly. The created cache will use a provider-specific default configuration: make sure you defined one. You can disable this warning by setting 'hibernate.cache.ehcache.missing_cache_strategy' to 'create'.
2020-05-18 18:23:38 [restartedMain] WARN  org.hibernate.orm.cache - HHH90001006: Missing cache[org.akcap.socialone.entity.Photo] was created on-the-fly. The created cache will use a provider-specific default configuration: make sure you defined one. You can disable this warning by setting 'hibernate.cache.ehcache.missing_cache_strategy' to 'create'.
2020-05-18 18:23:38 [restartedMain] WARN  org.hibernate.orm.cache - HHH90001006: Missing cache[org.akcap.socialone.entity.Role] was created on-the-fly. The created cache will use a provider-specific default configuration: make sure you defined one. You can disable this warning by setting 'hibernate.cache.ehcache.missing_cache_strategy' to 'create'.
2020-05-18 18:23:38 [restartedMain] WARN  org.hibernate.orm.cache - HHH90001006: Missing cache[org.akcap.socialone.entity.Share] was created on-the-fly. The created cache will use a provider-specific default configuration: make sure you defined one. You can disable this warning by setting 'hibernate.cache.ehcache.missing_cache_strategy' to 'create'.
2020-05-18 18:23:38 [restartedMain] WARN  org.hibernate.orm.cache - HHH90001006: Missing cache[org.akcap.socialone.entity.MasterCity] was created on-the-fly. The created cache will use a provider-specific default configuration: make sure you defined one. You can disable this warning by setting 'hibernate.cache.ehcache.missing_cache_strategy' to 'create'.
2020-05-18 18:23:38 [restartedMain] WARN  org.hibernate.orm.cache - HHH90001006: Missing cache[org.akcap.socialone.entity.Friendship] was created on-the-fly. The created cache will use a provider-specific default configuration: make sure you defined one. You can disable this warning by setting 'hibernate.cache.ehcache.missing_cache_strategy' to 'create'.
2020-05-18 18:23:38 [restartedMain] WARN  org.hibernate.orm.cache - HHH90001006: Missing cache[org.akcap.socialone.entity.HighschoolDetail] was created on-the-fly. The created cache will use a provider-specific default configuration: make sure you defined one. You can disable this warning by setting 'hibernate.cache.ehcache.missing_cache_strategy' to 'create'.
2020-05-18 18:23:38 [restartedMain] WARN  org.hibernate.orm.cache - HHH90001006: Missing cache[org.akcap.socialone.entity.MasterCountry] was created on-the-fly. The created cache will use a provider-specific default configuration: make sure you defined one. You can disable this warning by setting 'hibernate.cache.ehcache.missing_cache_strategy' to 'create'.
2020-05-18 18:23:38 [restartedMain] WARN  org.hibernate.orm.cache - HHH90001006: Missing cache[org.akcap.socialone.entity.UserInfomation] was created on-the-fly. The created cache will use a provider-specific default configuration: make sure you defined one. You can disable this warning by setting 'hibernate.cache.ehcache.missing_cache_strategy' to 'create'.
2020-05-18 18:23:38 [restartedMain] WARN  org.hibernate.orm.cache - HHH90001006: Missing cache[org.akcap.socialone.entity.MasterState] was created on-the-fly. The created cache will use a provider-specific default configuration: make sure you defined one. You can disable this warning by setting 'hibernate.cache.ehcache.missing_cache_strategy' to 'create'.
2020-05-18 18:23:38 [restartedMain] WARN  org.hibernate.orm.cache - HHH90001006: Missing cache[org.akcap.socialone.entity.MasterUniversity] was created on-the-fly. The created cache will use a provider-specific default configuration: make sure you defined one. You can disable this warning by setting 'hibernate.cache.ehcache.missing_cache_strategy' to 'create'.
2020-05-18 18:23:38 [restartedMain] WARN  org.hibernate.orm.cache - HHH90001006: Missing cache[org.akcap.socialone.entity.MasterCourse] was created on-the-fly. The created cache will use a provider-specific default configuration: make sure you defined one. You can disable this warning by setting 'hibernate.cache.ehcache.missing_cache_strategy' to 'create'.
2020-05-18 18:23:38 [restartedMain] WARN  org.hibernate.orm.cache - HHH90001006: Missing cache[org.akcap.socialone.entity.PersonalDetail] was created on-the-fly. The created cache will use a provider-specific default configuration: make sure you defined one. You can disable this warning by setting 'hibernate.cache.ehcache.missing_cache_strategy' to 'create'.
2020-05-18 18:23:38 [restartedMain] WARN  org.hibernate.orm.cache - HHH90001006: Missing cache[org.akcap.socialone.entity.MasterMaritalstatus] was created on-the-fly. The created cache will use a provider-specific default configuration: make sure you defined one. You can disable this warning by setting 'hibernate.cache.ehcache.missing_cache_strategy' to 'create'.
2020-05-18 18:23:38 [restartedMain] WARN  org.hibernate.orm.cache - HHH90001006: Missing cache[org.akcap.socialone.entity.Userlogin] was created on-the-fly. The created cache will use a provider-specific default configuration: make sure you defined one. You can disable this warning by setting 'hibernate.cache.ehcache.missing_cache_strategy' to 'create'.
2020-05-18 18:23:39 [restartedMain] INFO  o.h.e.t.j.p.i.JtaPlatformInitiator - HHH000490: Using JtaPlatform implementation: [org.hibernate.engine.transaction.jta.platform.internal.NoJtaPlatform]
2020-05-18 18:23:40 [restartedMain] INFO  o.s.o.j.LocalContainerEntityManagerFactoryBean - Initialized JPA EntityManagerFactory for persistence unit 'default'
2020-05-18 18:23:41 [restartedMain] WARN  o.s.b.a.o.j.JpaBaseConfiguration$JpaWebConfiguration - spring.jpa.open-in-view is enabled by default. Therefore, database queries may be performed during view rendering. Explicitly configure spring.jpa.open-in-view to disable this warning
2020-05-18 18:23:41 [restartedMain] INFO  o.s.b.d.a.OptionalLiveReloadServer - LiveReload server is running on port 35729
2020-05-18 18:23:41 [restartedMain] INFO  o.s.s.web.DefaultSecurityFilterChain - Creating filter chain: any request, [org.springframework.security.web.context.request.async.WebAsyncManagerIntegrationFilter@48a439d6, org.springframework.security.web.context.SecurityContextPersistenceFilter@5659521f, org.springframework.security.web.header.HeaderWriterFilter@7537c881, org.springframework.security.web.authentication.logout.LogoutFilter@f5d79da, org.akcap.socialone.auth.config.JwtRequestFilter@438f7916, org.springframework.security.web.savedrequest.RequestCacheAwareFilter@2dcd33c8, org.springframework.security.web.servletapi.SecurityContextHolderAwareRequestFilter@258782ae, org.springframework.security.web.authentication.AnonymousAuthenticationFilter@7a4ff482, org.springframework.security.web.session.SessionManagementFilter@15e430a6, org.springframework.security.web.access.ExceptionTranslationFilter@7f8cb3f7, org.springframework.security.web.access.intercept.FilterSecurityInterceptor@3cc0bba6]
2020-05-18 18:23:42 [restartedMain] INFO  o.s.s.c.ThreadPoolTaskExecutor - Initializing ExecutorService 'applicationTaskExecutor'
2020-05-18 18:23:42 [restartedMain] INFO  o.s.b.w.e.tomcat.TomcatWebServer - Tomcat started on port(s): 8080 (http) with context path ''
2020-05-18 18:23:42 [restartedMain] INFO  o.a.socialone.SocialOneApplication - Started SocialOneApplication in 13.835 seconds (JVM running for 14.836)
2020-05-18 18:23:47 [http-nio-8080-exec-1] INFO  o.a.c.c.C.[Tomcat].[localhost].[/] - Initializing Spring DispatcherServlet 'dispatcherServlet'
2020-05-18 18:23:47 [http-nio-8080-exec-1] INFO  o.s.web.servlet.DispatcherServlet - Initializing Servlet 'dispatcherServlet'
2020-05-18 18:23:47 [http-nio-8080-exec-1] INFO  o.s.web.servlet.DispatcherServlet - Completed initialization in 13 ms
2020-05-18 18:27:00 [http-nio-8080-exec-3] WARN  o.a.s.auth.config.JwtRequestFilter - JWT Token does not begin with Bearer String
2020-05-18 18:28:39 [Thread-7] INFO  o.s.s.c.ThreadPoolTaskExecutor - Shutting down ExecutorService 'applicationTaskExecutor'
2020-05-18 18:28:39 [Thread-7] INFO  o.s.o.j.LocalContainerEntityManagerFactoryBean - Closing JPA EntityManagerFactory for persistence unit 'default'
2020-05-18 18:28:39 [Thread-7] INFO  com.zaxxer.hikari.HikariDataSource - HikariPool-1 - Shutdown initiated...
2020-05-18 18:28:39 [Thread-7] INFO  com.zaxxer.hikari.HikariDataSource - HikariPool-1 - Shutdown completed.
2020-05-18 18:28:41 [restartedMain] INFO  o.a.socialone.SocialOneApplication - Starting SocialOneApplication on mPha-Lap-89 with PID 4200 (C:\Users\amar.kotwal\git\repository\social-one\target\classes started by amar.kotwal in C:\Users\amar.kotwal\git\repository\social-one)
2020-05-18 18:28:41 [restartedMain] INFO  o.a.socialone.SocialOneApplication - No active profile set, falling back to default profiles: default
2020-05-18 18:28:42 [restartedMain] INFO  o.s.d.r.c.RepositoryConfigurationDelegate - Bootstrapping Spring Data JPA repositories in DEFAULT mode.
2020-05-18 18:28:42 [restartedMain] INFO  o.s.d.r.c.RepositoryConfigurationDelegate - Finished Spring Data repository scanning in 96ms. Found 5 JPA repository interfaces.
2020-05-18 18:28:42 [restartedMain] INFO  o.s.c.s.PostProcessorRegistrationDelegate$BeanPostProcessorChecker - Bean 'org.springframework.security.access.expression.method.DefaultMethodSecurityExpressionHandler@47bf7861' of type [org.springframework.security.access.expression.method.DefaultMethodSecurityExpressionHandler] is not eligible for getting processed by all BeanPostProcessors (for example: not eligible for auto-proxying)
2020-05-18 18:28:42 [restartedMain] INFO  o.s.c.s.PostProcessorRegistrationDelegate$BeanPostProcessorChecker - Bean 'methodSecurityMetadataSource' of type [org.springframework.security.access.method.DelegatingMethodSecurityMetadataSource] is not eligible for getting processed by all BeanPostProcessors (for example: not eligible for auto-proxying)
2020-05-18 18:28:42 [restartedMain] INFO  o.s.b.w.e.tomcat.TomcatWebServer - Tomcat initialized with port(s): 8080 (http)
2020-05-18 18:28:42 [restartedMain] INFO  o.a.catalina.core.StandardService - Starting service [Tomcat]
2020-05-18 18:28:42 [restartedMain] INFO  o.a.catalina.core.StandardEngine - Starting Servlet engine: [Apache Tomcat/9.0.34]
2020-05-18 18:28:42 [restartedMain] INFO  o.a.c.c.C.[Tomcat].[localhost].[/] - Initializing Spring embedded WebApplicationContext
2020-05-18 18:28:42 [restartedMain] INFO  o.s.web.context.ContextLoader - Root WebApplicationContext: initialization completed in 1070 ms
2020-05-18 18:28:42 [restartedMain] INFO  o.h.jpa.internal.util.LogHelper - HHH000204: Processing PersistenceUnitInfo [name: default]
2020-05-18 18:28:42 [restartedMain] WARN  org.hibernate.orm.deprecation - HHH020100: The Ehcache second-level cache provider for Hibernate is deprecated.  See https://hibernate.atlassian.net/browse/HHH-12441 for details.
2020-05-18 18:28:42 [restartedMain] INFO  com.zaxxer.hikari.HikariDataSource - HikariPool-2 - Starting...
2020-05-18 18:28:42 [restartedMain] INFO  com.zaxxer.hikari.HikariDataSource - HikariPool-2 - Start completed.
2020-05-18 18:28:42 [restartedMain] INFO  org.hibernate.dialect.Dialect - HHH000400: Using dialect: org.hibernate.dialect.MySQL55Dialect
2020-05-18 18:28:43 [restartedMain] WARN  n.s.e.config.ConfigurationFactory - No configuration found. Configuring ehcache from ehcache-failsafe.xml  found in the classpath: jar:file:/C:/Users/amar.kotwal/.m2/repository/net/sf/ehcache/ehcache/2.10.6/ehcache-2.10.6.jar!/ehcache-failsafe.xml
2020-05-18 18:28:43 [restartedMain] WARN  org.hibernate.orm.cache - HHH90001006: Missing cache[default-update-timestamps-region] was created on-the-fly. The created cache will use a provider-specific default configuration: make sure you defined one. You can disable this warning by setting 'hibernate.cache.ehcache.missing_cache_strategy' to 'create'.
2020-05-18 18:28:43 [restartedMain] WARN  org.hibernate.orm.cache - HHH90001006: Missing cache[default-query-results-region] was created on-the-fly. The created cache will use a provider-specific default configuration: make sure you defined one. You can disable this warning by setting 'hibernate.cache.ehcache.missing_cache_strategy' to 'create'.
2020-05-18 18:28:43 [restartedMain] WARN  org.hibernate.orm.cache - HHH90001006: Missing cache[org.akcap.socialone.entity.PostLike] was created on-the-fly. The created cache will use a provider-specific default configuration: make sure you defined one. You can disable this warning by setting 'hibernate.cache.ehcache.missing_cache_strategy' to 'create'.
2020-05-18 18:28:43 [restartedMain] WARN  org.hibernate.orm.cache - HHH90001006: Missing cache[org.akcap.socialone.entity.HighschoolDetail] was created on-the-fly. The created cache will use a provider-specific default configuration: make sure you defined one. You can disable this warning by setting 'hibernate.cache.ehcache.missing_cache_strategy' to 'create'.
2020-05-18 18:28:43 [restartedMain] WARN  org.hibernate.orm.cache - HHH90001006: Missing cache[org.akcap.socialone.entity.MasterUniversity] was created on-the-fly. The created cache will use a provider-specific default configuration: make sure you defined one. You can disable this warning by setting 'hibernate.cache.ehcache.missing_cache_strategy' to 'create'.
2020-05-18 18:28:43 [restartedMain] WARN  org.hibernate.orm.cache - HHH90001006: Missing cache[org.akcap.socialone.entity.AddFriend] was created on-the-fly. The created cache will use a provider-specific default configuration: make sure you defined one. You can disable this warning by setting 'hibernate.cache.ehcache.missing_cache_strategy' to 'create'.
2020-05-18 18:28:43 [restartedMain] WARN  org.hibernate.orm.cache - HHH90001006: Missing cache[org.akcap.socialone.entity.Userlogin] was created on-the-fly. The created cache will use a provider-specific default configuration: make sure you defined one. You can disable this warning by setting 'hibernate.cache.ehcache.missing_cache_strategy' to 'create'.
2020-05-18 18:28:43 [restartedMain] WARN  org.hibernate.orm.cache - HHH90001006: Missing cache[org.akcap.socialone.entity.Comment] was created on-the-fly. The created cache will use a provider-specific default configuration: make sure you defined one. You can disable this warning by setting 'hibernate.cache.ehcache.missing_cache_strategy' to 'create'.
2020-05-18 18:28:43 [restartedMain] WARN  org.hibernate.orm.cache - HHH90001006: Missing cache[org.akcap.socialone.entity.MasterCourse] was created on-the-fly. The created cache will use a provider-specific default configuration: make sure you defined one. You can disable this warning by setting 'hibernate.cache.ehcache.missing_cache_strategy' to 'create'.
2020-05-18 18:28:43 [restartedMain] WARN  org.hibernate.orm.cache - HHH90001006: Missing cache[org.akcap.socialone.entity.MasterGender] was created on-the-fly. The created cache will use a provider-specific default configuration: make sure you defined one. You can disable this warning by setting 'hibernate.cache.ehcache.missing_cache_strategy' to 'create'.
2020-05-18 18:28:43 [restartedMain] WARN  org.hibernate.orm.cache - HHH90001006: Missing cache[org.akcap.socialone.entity.Post] was created on-the-fly. The created cache will use a provider-specific default configuration: make sure you defined one. You can disable this warning by setting 'hibernate.cache.ehcache.missing_cache_strategy' to 'create'.
2020-05-18 18:28:43 [restartedMain] WARN  org.hibernate.orm.cache - HHH90001006: Missing cache[org.akcap.socialone.entity.CommentReply] was created on-the-fly. The created cache will use a provider-specific default configuration: make sure you defined one. You can disable this warning by setting 'hibernate.cache.ehcache.missing_cache_strategy' to 'create'.
2020-05-18 18:28:43 [restartedMain] WARN  org.hibernate.orm.cache - HHH90001006: Missing cache[org.akcap.socialone.entity.CommentsLike] was created on-the-fly. The created cache will use a provider-specific default configuration: make sure you defined one. You can disable this warning by setting 'hibernate.cache.ehcache.missing_cache_strategy' to 'create'.
2020-05-18 18:28:43 [restartedMain] WARN  org.hibernate.orm.cache - HHH90001006: Missing cache[org.akcap.socialone.entity.PersonalAddress] was created on-the-fly. The created cache will use a provider-specific default configuration: make sure you defined one. You can disable this warning by setting 'hibernate.cache.ehcache.missing_cache_strategy' to 'create'.
2020-05-18 18:28:43 [restartedMain] WARN  org.hibernate.orm.cache - HHH90001006: Missing cache[org.akcap.socialone.entity.UserSociallink] was created on-the-fly. The created cache will use a provider-specific default configuration: make sure you defined one. You can disable this warning by setting 'hibernate.cache.ehcache.missing_cache_strategy' to 'create'.
2020-05-18 18:28:43 [restartedMain] WARN  org.hibernate.orm.cache - HHH90001006: Missing cache[org.akcap.socialone.entity.Photo] was created on-the-fly. The created cache will use a provider-specific default configuration: make sure you defined one. You can disable this warning by setting 'hibernate.cache.ehcache.missing_cache_strategy' to 'create'.
2020-05-18 18:28:43 [restartedMain] WARN  org.hibernate.orm.cache - HHH90001006: Missing cache[org.akcap.socialone.entity.PersonalDetail] was created on-the-fly. The created cache will use a provider-specific default configuration: make sure you defined one. You can disable this warning by setting 'hibernate.cache.ehcache.missing_cache_strategy' to 'create'.
2020-05-18 18:28:43 [restartedMain] WARN  org.hibernate.orm.cache - HHH90001006: Missing cache[org.akcap.socialone.entity.Video] was created on-the-fly. The created cache will use a provider-specific default configuration: make sure you defined one. You can disable this warning by setting 'hibernate.cache.ehcache.missing_cache_strategy' to 'create'.
2020-05-18 18:28:43 [restartedMain] WARN  org.hibernate.orm.cache - HHH90001006: Missing cache[org.akcap.socialone.entity.MasterMaritalstatus] was created on-the-fly. The created cache will use a provider-specific default configuration: make sure you defined one. You can disable this warning by setting 'hibernate.cache.ehcache.missing_cache_strategy' to 'create'.
2020-05-18 18:28:43 [restartedMain] WARN  org.hibernate.orm.cache - HHH90001006: Missing cache[org.akcap.socialone.entity.MasterCity] was created on-the-fly. The created cache will use a provider-specific default configuration: make sure you defined one. You can disable this warning by setting 'hibernate.cache.ehcache.missing_cache_strategy' to 'create'.
2020-05-18 18:28:43 [restartedMain] WARN  org.hibernate.orm.cache - HHH90001006: Missing cache[org.akcap.socialone.entity.Share] was created on-the-fly. The created cache will use a provider-specific default configuration: make sure you defined one. You can disable this warning by setting 'hibernate.cache.ehcache.missing_cache_strategy' to 'create'.
2020-05-18 18:28:43 [restartedMain] WARN  org.hibernate.orm.cache - HHH90001006: Missing cache[org.akcap.socialone.entity.Friendship] was created on-the-fly. The created cache will use a provider-specific default configuration: make sure you defined one. You can disable this warning by setting 'hibernate.cache.ehcache.missing_cache_strategy' to 'create'.
2020-05-18 18:28:43 [restartedMain] WARN  org.hibernate.orm.cache - HHH90001006: Missing cache[org.akcap.socialone.entity.UserInfomation] was created on-the-fly. The created cache will use a provider-specific default configuration: make sure you defined one. You can disable this warning by setting 'hibernate.cache.ehcache.missing_cache_strategy' to 'create'.
2020-05-18 18:28:43 [restartedMain] WARN  org.hibernate.orm.cache - HHH90001006: Missing cache[org.akcap.socialone.entity.ProfessionalDetail] was created on-the-fly. The created cache will use a provider-specific default configuration: make sure you defined one. You can disable this warning by setting 'hibernate.cache.ehcache.missing_cache_strategy' to 'create'.
2020-05-18 18:28:43 [restartedMain] WARN  org.hibernate.orm.cache - HHH90001006: Missing cache[org.akcap.socialone.entity.CollegeDetail] was created on-the-fly. The created cache will use a provider-specific default configuration: make sure you defined one. You can disable this warning by setting 'hibernate.cache.ehcache.missing_cache_strategy' to 'create'.
2020-05-18 18:28:43 [restartedMain] WARN  org.hibernate.orm.cache - HHH90001006: Missing cache[org.akcap.socialone.entity.Role] was created on-the-fly. The created cache will use a provider-specific default configuration: make sure you defined one. You can disable this warning by setting 'hibernate.cache.ehcache.missing_cache_strategy' to 'create'.
2020-05-18 18:28:43 [restartedMain] WARN  org.hibernate.orm.cache - HHH90001006: Missing cache[org.akcap.socialone.entity.MasterCountry] was created on-the-fly. The created cache will use a provider-specific default configuration: make sure you defined one. You can disable this warning by setting 'hibernate.cache.ehcache.missing_cache_strategy' to 'create'.
2020-05-18 18:28:43 [restartedMain] WARN  org.hibernate.orm.cache - HHH90001006: Missing cache[org.akcap.socialone.entity.MasterState] was created on-the-fly. The created cache will use a provider-specific default configuration: make sure you defined one. You can disable this warning by setting 'hibernate.cache.ehcache.missing_cache_strategy' to 'create'.
2020-05-18 18:28:44 [restartedMain] INFO  o.h.e.t.j.p.i.JtaPlatformInitiator - HHH000490: Using JtaPlatform implementation: [org.hibernate.engine.transaction.jta.platform.internal.NoJtaPlatform]
2020-05-18 18:28:44 [restartedMain] INFO  o.s.o.j.LocalContainerEntityManagerFactoryBean - Initialized JPA EntityManagerFactory for persistence unit 'default'
2020-05-18 18:28:44 [restartedMain] WARN  o.s.b.a.o.j.JpaBaseConfiguration$JpaWebConfiguration - spring.jpa.open-in-view is enabled by default. Therefore, database queries may be performed during view rendering. Explicitly configure spring.jpa.open-in-view to disable this warning
2020-05-18 18:28:44 [restartedMain] INFO  o.s.b.d.a.OptionalLiveReloadServer - LiveReload server is running on port 35729
2020-05-18 18:28:45 [restartedMain] INFO  o.s.s.web.DefaultSecurityFilterChain - Creating filter chain: any request, [org.springframework.security.web.context.request.async.WebAsyncManagerIntegrationFilter@311e974f, org.springframework.security.web.context.SecurityContextPersistenceFilter@78b0aa61, org.springframework.security.web.header.HeaderWriterFilter@5f9fc1e9, org.springframework.security.web.authentication.logout.LogoutFilter@79620ac0, org.akcap.socialone.auth.config.JwtRequestFilter@7e810ed3, org.springframework.security.web.savedrequest.RequestCacheAwareFilter@15e96ad4, org.springframework.security.web.servletapi.SecurityContextHolderAwareRequestFilter@34d87109, org.springframework.security.web.authentication.AnonymousAuthenticationFilter@132706f7, org.springframework.security.web.session.SessionManagementFilter@385118b6, org.springframework.security.web.access.ExceptionTranslationFilter@1cee3b58, org.springframework.security.web.access.intercept.FilterSecurityInterceptor@133a97bd]
2020-05-18 18:28:45 [restartedMain] INFO  o.s.s.c.ThreadPoolTaskExecutor - Initializing ExecutorService 'applicationTaskExecutor'
2020-05-18 18:28:45 [restartedMain] INFO  o.s.b.w.e.tomcat.TomcatWebServer - Tomcat started on port(s): 8080 (http) with context path ''
2020-05-18 18:28:45 [restartedMain] INFO  o.a.socialone.SocialOneApplication - Started SocialOneApplication in 3.759 seconds (JVM running for 317.542)
2020-05-18 18:28:45 [restartedMain] INFO  o.s.b.d.a.ConditionEvaluationDeltaLoggingListener - Condition evaluation unchanged
2020-05-18 18:28:51 [http-nio-8080-exec-1] INFO  o.a.c.c.C.[Tomcat].[localhost].[/] - Initializing Spring DispatcherServlet 'dispatcherServlet'
2020-05-18 18:28:51 [http-nio-8080-exec-1] INFO  o.s.web.servlet.DispatcherServlet - Initializing Servlet 'dispatcherServlet'
2020-05-18 18:28:51 [http-nio-8080-exec-1] INFO  o.s.web.servlet.DispatcherServlet - Completed initialization in 21 ms
2020-05-18 18:29:28 [Thread-11] INFO  o.s.s.c.ThreadPoolTaskExecutor - Shutting down ExecutorService 'applicationTaskExecutor'
2020-05-18 18:29:28 [Thread-11] INFO  o.s.o.j.LocalContainerEntityManagerFactoryBean - Closing JPA EntityManagerFactory for persistence unit 'default'
2020-05-18 18:29:29 [Thread-11] INFO  com.zaxxer.hikari.HikariDataSource - HikariPool-2 - Shutdown initiated...
2020-05-18 18:29:29 [Thread-11] INFO  com.zaxxer.hikari.HikariDataSource - HikariPool-2 - Shutdown completed.
2020-05-18 18:29:31 [restartedMain] INFO  o.a.socialone.SocialOneApplication - Starting SocialOneApplication on mPha-Lap-89 with PID 4200 (C:\Users\amar.kotwal\git\repository\social-one\target\classes started by amar.kotwal in C:\Users\amar.kotwal\git\repository\social-one)
2020-05-18 18:29:31 [restartedMain] INFO  o.a.socialone.SocialOneApplication - No active profile set, falling back to default profiles: default
2020-05-18 18:29:32 [restartedMain] INFO  o.s.d.r.c.RepositoryConfigurationDelegate - Bootstrapping Spring Data JPA repositories in DEFAULT mode.
2020-05-18 18:29:32 [restartedMain] INFO  o.s.d.r.c.RepositoryConfigurationDelegate - Finished Spring Data repository scanning in 67ms. Found 5 JPA repository interfaces.
2020-05-18 18:29:32 [restartedMain] INFO  o.s.c.s.PostProcessorRegistrationDelegate$BeanPostProcessorChecker - Bean 'org.springframework.security.access.expression.method.DefaultMethodSecurityExpressionHandler@24b79dde' of type [org.springframework.security.access.expression.method.DefaultMethodSecurityExpressionHandler] is not eligible for getting processed by all BeanPostProcessors (for example: not eligible for auto-proxying)
2020-05-18 18:29:32 [restartedMain] INFO  o.s.c.s.PostProcessorRegistrationDelegate$BeanPostProcessorChecker - Bean 'methodSecurityMetadataSource' of type [org.springframework.security.access.method.DelegatingMethodSecurityMetadataSource] is not eligible for getting processed by all BeanPostProcessors (for example: not eligible for auto-proxying)
2020-05-18 18:29:32 [restartedMain] INFO  o.s.b.w.e.tomcat.TomcatWebServer - Tomcat initialized with port(s): 8080 (http)
2020-05-18 18:29:32 [restartedMain] INFO  o.a.catalina.core.StandardService - Starting service [Tomcat]
2020-05-18 18:29:32 [restartedMain] INFO  o.a.catalina.core.StandardEngine - Starting Servlet engine: [Apache Tomcat/9.0.34]
2020-05-18 18:29:32 [restartedMain] INFO  o.a.c.c.C.[Tomcat].[localhost].[/] - Initializing Spring embedded WebApplicationContext
2020-05-18 18:29:32 [restartedMain] INFO  o.s.web.context.ContextLoader - Root WebApplicationContext: initialization completed in 1042 ms
2020-05-18 18:29:32 [restartedMain] INFO  o.h.jpa.internal.util.LogHelper - HHH000204: Processing PersistenceUnitInfo [name: default]
2020-05-18 18:29:32 [restartedMain] WARN  org.hibernate.orm.deprecation - HHH020100: The Ehcache second-level cache provider for Hibernate is deprecated.  See https://hibernate.atlassian.net/browse/HHH-12441 for details.
2020-05-18 18:29:33 [restartedMain] INFO  com.zaxxer.hikari.HikariDataSource - HikariPool-3 - Starting...
2020-05-18 18:29:33 [restartedMain] INFO  com.zaxxer.hikari.HikariDataSource - HikariPool-3 - Start completed.
2020-05-18 18:29:33 [restartedMain] INFO  org.hibernate.dialect.Dialect - HHH000400: Using dialect: org.hibernate.dialect.MySQL55Dialect
2020-05-18 18:29:33 [restartedMain] WARN  n.s.e.config.ConfigurationFactory - No configuration found. Configuring ehcache from ehcache-failsafe.xml  found in the classpath: jar:file:/C:/Users/amar.kotwal/.m2/repository/net/sf/ehcache/ehcache/2.10.6/ehcache-2.10.6.jar!/ehcache-failsafe.xml
2020-05-18 18:29:33 [restartedMain] WARN  org.hibernate.orm.cache - HHH90001006: Missing cache[default-update-timestamps-region] was created on-the-fly. The created cache will use a provider-specific default configuration: make sure you defined one. You can disable this warning by setting 'hibernate.cache.ehcache.missing_cache_strategy' to 'create'.
2020-05-18 18:29:33 [restartedMain] WARN  org.hibernate.orm.cache - HHH90001006: Missing cache[default-query-results-region] was created on-the-fly. The created cache will use a provider-specific default configuration: make sure you defined one. You can disable this warning by setting 'hibernate.cache.ehcache.missing_cache_strategy' to 'create'.
2020-05-18 18:29:33 [restartedMain] WARN  org.hibernate.orm.cache - HHH90001006: Missing cache[org.akcap.socialone.entity.ProfessionalDetail] was created on-the-fly. The created cache will use a provider-specific default configuration: make sure you defined one. You can disable this warning by setting 'hibernate.cache.ehcache.missing_cache_strategy' to 'create'.
2020-05-18 18:29:33 [restartedMain] WARN  org.hibernate.orm.cache - HHH90001006: Missing cache[org.akcap.socialone.entity.HighschoolDetail] was created on-the-fly. The created cache will use a provider-specific default configuration: make sure you defined one. You can disable this warning by setting 'hibernate.cache.ehcache.missing_cache_strategy' to 'create'.
2020-05-18 18:29:33 [restartedMain] WARN  org.hibernate.orm.cache - HHH90001006: Missing cache[org.akcap.socialone.entity.Userlogin] was created on-the-fly. The created cache will use a provider-specific default configuration: make sure you defined one. You can disable this warning by setting 'hibernate.cache.ehcache.missing_cache_strategy' to 'create'.
2020-05-18 18:29:33 [restartedMain] WARN  org.hibernate.orm.cache - HHH90001006: Missing cache[org.akcap.socialone.entity.Friendship] was created on-the-fly. The created cache will use a provider-specific default configuration: make sure you defined one. You can disable this warning by setting 'hibernate.cache.ehcache.missing_cache_strategy' to 'create'.
2020-05-18 18:29:33 [restartedMain] WARN  org.hibernate.orm.cache - HHH90001006: Missing cache[org.akcap.socialone.entity.MasterMaritalstatus] was created on-the-fly. The created cache will use a provider-specific default configuration: make sure you defined one. You can disable this warning by setting 'hibernate.cache.ehcache.missing_cache_strategy' to 'create'.
2020-05-18 18:29:33 [restartedMain] WARN  org.hibernate.orm.cache - HHH90001006: Missing cache[org.akcap.socialone.entity.CollegeDetail] was created on-the-fly. The created cache will use a provider-specific default configuration: make sure you defined one. You can disable this warning by setting 'hibernate.cache.ehcache.missing_cache_strategy' to 'create'.
2020-05-18 18:29:33 [restartedMain] WARN  org.hibernate.orm.cache - HHH90001006: Missing cache[org.akcap.socialone.entity.PostLike] was created on-the-fly. The created cache will use a provider-specific default configuration: make sure you defined one. You can disable this warning by setting 'hibernate.cache.ehcache.missing_cache_strategy' to 'create'.
2020-05-18 18:29:33 [restartedMain] WARN  org.hibernate.orm.cache - HHH90001006: Missing cache[org.akcap.socialone.entity.MasterCourse] was created on-the-fly. The created cache will use a provider-specific default configuration: make sure you defined one. You can disable this warning by setting 'hibernate.cache.ehcache.missing_cache_strategy' to 'create'.
2020-05-18 18:29:33 [restartedMain] WARN  org.hibernate.orm.cache - HHH90001006: Missing cache[org.akcap.socialone.entity.Role] was created on-the-fly. The created cache will use a provider-specific default configuration: make sure you defined one. You can disable this warning by setting 'hibernate.cache.ehcache.missing_cache_strategy' to 'create'.
2020-05-18 18:29:33 [restartedMain] WARN  org.hibernate.orm.cache - HHH90001006: Missing cache[org.akcap.socialone.entity.MasterState] was created on-the-fly. The created cache will use a provider-specific default configuration: make sure you defined one. You can disable this warning by setting 'hibernate.cache.ehcache.missing_cache_strategy' to 'create'.
2020-05-18 18:29:33 [restartedMain] WARN  org.hibernate.orm.cache - HHH90001006: Missing cache[org.akcap.socialone.entity.AddFriend] was created on-the-fly. The created cache will use a provider-specific default configuration: make sure you defined one. You can disable this warning by setting 'hibernate.cache.ehcache.missing_cache_strategy' to 'create'.
2020-05-18 18:29:33 [restartedMain] WARN  org.hibernate.orm.cache - HHH90001006: Missing cache[org.akcap.socialone.entity.Photo] was created on-the-fly. The created cache will use a provider-specific default configuration: make sure you defined one. You can disable this warning by setting 'hibernate.cache.ehcache.missing_cache_strategy' to 'create'.
2020-05-18 18:29:33 [restartedMain] WARN  org.hibernate.orm.cache - HHH90001006: Missing cache[org.akcap.socialone.entity.MasterCountry] was created on-the-fly. The created cache will use a provider-specific default configuration: make sure you defined one. You can disable this warning by setting 'hibernate.cache.ehcache.missing_cache_strategy' to 'create'.
2020-05-18 18:29:33 [restartedMain] WARN  org.hibernate.orm.cache - HHH90001006: Missing cache[org.akcap.socialone.entity.CommentReply] was created on-the-fly. The created cache will use a provider-specific default configuration: make sure you defined one. You can disable this warning by setting 'hibernate.cache.ehcache.missing_cache_strategy' to 'create'.
2020-05-18 18:29:33 [restartedMain] WARN  org.hibernate.orm.cache - HHH90001006: Missing cache[org.akcap.socialone.entity.Post] was created on-the-fly. The created cache will use a provider-specific default configuration: make sure you defined one. You can disable this warning by setting 'hibernate.cache.ehcache.missing_cache_strategy' to 'create'.
2020-05-18 18:29:33 [restartedMain] WARN  org.hibernate.orm.cache - HHH90001006: Missing cache[org.akcap.socialone.entity.Comment] was created on-the-fly. The created cache will use a provider-specific default configuration: make sure you defined one. You can disable this warning by setting 'hibernate.cache.ehcache.missing_cache_strategy' to 'create'.
2020-05-18 18:29:33 [restartedMain] WARN  org.hibernate.orm.cache - HHH90001006: Missing cache[org.akcap.socialone.entity.PersonalDetail] was created on-the-fly. The created cache will use a provider-specific default configuration: make sure you defined one. You can disable this warning by setting 'hibernate.cache.ehcache.missing_cache_strategy' to 'create'.
2020-05-18 18:29:33 [restartedMain] WARN  org.hibernate.orm.cache - HHH90001006: Missing cache[org.akcap.socialone.entity.CommentsLike] was created on-the-fly. The created cache will use a provider-specific default configuration: make sure you defined one. You can disable this warning by setting 'hibernate.cache.ehcache.missing_cache_strategy' to 'create'.
2020-05-18 18:29:33 [restartedMain] WARN  org.hibernate.orm.cache - HHH90001006: Missing cache[org.akcap.socialone.entity.Video] was created on-the-fly. The created cache will use a provider-specific default configuration: make sure you defined one. You can disable this warning by setting 'hibernate.cache.ehcache.missing_cache_strategy' to 'create'.
2020-05-18 18:29:33 [restartedMain] WARN  org.hibernate.orm.cache - HHH90001006: Missing cache[org.akcap.socialone.entity.UserSociallink] was created on-the-fly. The created cache will use a provider-specific default configuration: make sure you defined one. You can disable this warning by setting 'hibernate.cache.ehcache.missing_cache_strategy' to 'create'.
2020-05-18 18:29:33 [restartedMain] WARN  org.hibernate.orm.cache - HHH90001006: Missing cache[org.akcap.socialone.entity.Share] was created on-the-fly. The created cache will use a provider-specific default configuration: make sure you defined one. You can disable this warning by setting 'hibernate.cache.ehcache.missing_cache_strategy' to 'create'.
2020-05-18 18:29:33 [restartedMain] WARN  org.hibernate.orm.cache - HHH90001006: Missing cache[org.akcap.socialone.entity.MasterUniversity] was created on-the-fly. The created cache will use a provider-specific default configuration: make sure you defined one. You can disable this warning by setting 'hibernate.cache.ehcache.missing_cache_strategy' to 'create'.
2020-05-18 18:29:33 [restartedMain] WARN  org.hibernate.orm.cache - HHH90001006: Missing cache[org.akcap.socialone.entity.MasterCity] was created on-the-fly. The created cache will use a provider-specific default configuration: make sure you defined one. You can disable this warning by setting 'hibernate.cache.ehcache.missing_cache_strategy' to 'create'.
2020-05-18 18:29:33 [restartedMain] WARN  org.hibernate.orm.cache - HHH90001006: Missing cache[org.akcap.socialone.entity.MasterGender] was created on-the-fly. The created cache will use a provider-specific default configuration: make sure you defined one. You can disable this warning by setting 'hibernate.cache.ehcache.missing_cache_strategy' to 'create'.
2020-05-18 18:29:33 [restartedMain] WARN  org.hibernate.orm.cache - HHH90001006: Missing cache[org.akcap.socialone.entity.PersonalAddress] was created on-the-fly. The created cache will use a provider-specific default configuration: make sure you defined one. You can disable this warning by setting 'hibernate.cache.ehcache.missing_cache_strategy' to 'create'.
2020-05-18 18:29:33 [restartedMain] WARN  org.hibernate.orm.cache - HHH90001006: Missing cache[org.akcap.socialone.entity.UserInfomation] was created on-the-fly. The created cache will use a provider-specific default configuration: make sure you defined one. You can disable this warning by setting 'hibernate.cache.ehcache.missing_cache_strategy' to 'create'.
2020-05-18 18:29:34 [restartedMain] INFO  o.h.e.t.j.p.i.JtaPlatformInitiator - HHH000490: Using JtaPlatform implementation: [org.hibernate.engine.transaction.jta.platform.internal.NoJtaPlatform]
2020-05-18 18:29:34 [restartedMain] INFO  o.s.o.j.LocalContainerEntityManagerFactoryBean - Initialized JPA EntityManagerFactory for persistence unit 'default'
2020-05-18 18:29:34 [restartedMain] WARN  o.s.b.a.o.j.JpaBaseConfiguration$JpaWebConfiguration - spring.jpa.open-in-view is enabled by default. Therefore, database queries may be performed during view rendering. Explicitly configure spring.jpa.open-in-view to disable this warning
2020-05-18 18:29:35 [restartedMain] INFO  o.s.b.d.a.OptionalLiveReloadServer - LiveReload server is running on port 35729
2020-05-18 18:29:35 [restartedMain] INFO  o.s.s.web.DefaultSecurityFilterChain - Creating filter chain: any request, [org.springframework.security.web.context.request.async.WebAsyncManagerIntegrationFilter@7a217aca, org.springframework.security.web.context.SecurityContextPersistenceFilter@4d748d77, org.springframework.security.web.header.HeaderWriterFilter@55411726, org.springframework.security.web.authentication.logout.LogoutFilter@67c477b0, org.akcap.socialone.auth.config.JwtRequestFilter@37e48d76, org.springframework.security.web.savedrequest.RequestCacheAwareFilter@620f78ee, org.springframework.security.web.servletapi.SecurityContextHolderAwareRequestFilter@3f2abbae, org.springframework.security.web.authentication.AnonymousAuthenticationFilter@67160d43, org.springframework.security.web.session.SessionManagementFilter@12e479b6, org.springframework.security.web.access.ExceptionTranslationFilter@954d01f, org.springframework.security.web.access.intercept.FilterSecurityInterceptor@4f79bb40]
2020-05-18 18:29:35 [restartedMain] INFO  o.s.s.c.ThreadPoolTaskExecutor - Initializing ExecutorService 'applicationTaskExecutor'
2020-05-18 18:29:35 [restartedMain] INFO  o.s.b.w.e.tomcat.TomcatWebServer - Tomcat started on port(s): 8080 (http) with context path ''
2020-05-18 18:29:35 [restartedMain] INFO  o.a.socialone.SocialOneApplication - Started SocialOneApplication in 3.651 seconds (JVM running for 367.484)
2020-05-18 18:29:35 [restartedMain] INFO  o.s.b.d.a.ConditionEvaluationDeltaLoggingListener - Condition evaluation unchanged
2020-05-18 18:30:04 [http-nio-8080-exec-1] INFO  o.a.c.c.C.[Tomcat].[localhost].[/] - Initializing Spring DispatcherServlet 'dispatcherServlet'
2020-05-18 18:30:04 [http-nio-8080-exec-1] INFO  o.s.web.servlet.DispatcherServlet - Initializing Servlet 'dispatcherServlet'
2020-05-18 18:30:04 [http-nio-8080-exec-1] INFO  o.s.web.servlet.DispatcherServlet - Completed initialization in 10 ms
